<?xml version="1.0" encoding="UTF-8"?>
<testng-results ignored="0" total="1" passed="1" failed="0" skipped="0">
  <reporter-output>
  </reporter-output>
  <suite started-at="2023-01-19T16:07:12 IST" name="Default suite" finished-at="2023-01-19T16:07:12 IST" duration-ms="37">
    <groups>
    </groups>
    <test started-at="2023-01-19T16:07:12 IST" name="Default test" finished-at="2023-01-19T16:07:12 IST" duration-ms="37">
      <class name="practice_maven.TestData">
        <test-method signature="readdata()[pri:0, instance:practice_maven.TestData@48f278eb]" started-at="2023-01-19T16:07:12 IST" name="readdata" finished-at="2023-01-19T16:07:12 IST" duration-ms="8" status="PASS">
          <reporter-output>
          </reporter-output>
        </test-method> <!-- readdata -->
      </class> <!-- practice_maven.TestData -->
    </test> <!-- Default test -->
  </suite> <!-- Default suite -->
</testng-results>
